Vérification de la syntaxe pour complexe.h :
gcc -std=c99 -c -Wall -Wextra -pedantic -Werror -fsyntax-only -x c complexe.h
Vérification de la syntaxe pour complexe.c :
gcc -std=c99 -c -Wall -Wextra -pedantic -Werror -fsyntax-only -x c complexe.c
In file included from /Applications/Xcode.app/Contents/Developer/Platforms/MacOSX.platform/Developer/SDKs/MacOSX.sdk/usr/include/math.h:31,
                 from complexe.c:3:
/Applications/Xcode.app/Contents/Developer/Platforms/MacOSX.platform/Developer/SDKs/MacOSX.sdk/usr/include/sys/cdefs.h:567:30: error: missing ')' after "__has_attribute"
 #if __has_cpp_attribute(clang::unsafe_buffer_usage)
                              ^
/Applications/Xcode.app/Contents/Developer/Platforms/MacOSX.platform/Developer/SDKs/MacOSX.sdk/usr/include/sys/cdefs.h:567:31: error:  ':' without preceding '?'
 #if __has_cpp_attribute(clang::unsafe_buffer_usage)
                               ^
In file included from complexe.c:3:
/Applications/Xcode.app/Contents/Developer/Platforms/MacOSX.platform/Developer/SDKs/MacOSX.sdk/usr/include/math.h:614:8: error: '_Float16' is not supported on this target
 extern _Float16 __fabsf16(_Float16) __API_AVAILABLE(macos(15.0), ios(18.0), watchos(11.0), tvos(18.0));
        ^~~~~~~~
/Applications/Xcode.app/Contents/Developer/Platforms/MacOSX.platform/Developer/SDKs/MacOSX.sdk/usr/include/math.h:614:27: error: '_Float16' is not supported on this target
 extern _Float16 __fabsf16(_Float16) __API_AVAILABLE(macos(15.0), ios(18.0), watchos(11.0), tvos(18.0));
                           ^~~~~~~~
/Applications/Xcode.app/Contents/Developer/Platforms/MacOSX.platform/Developer/SDKs/MacOSX.sdk/usr/include/math.h:615:8: error: '_Float16' is not supported on this target
 extern _Float16 __hypotf16(_Float16, _Float16) __API_AVAILABLE(macos(15.0), ios(18.0), watchos(11.0), tvos(18.0));
        ^~~~~~~~
/Applications/Xcode.app/Contents/Developer/Platforms/MacOSX.platform/Developer/SDKs/MacOSX.sdk/usr/include/math.h:615:28: error: '_Float16' is not supported on this target
 extern _Float16 __hypotf16(_Float16, _Float16) __API_AVAILABLE(macos(15.0), ios(18.0), watchos(11.0), tvos(18.0));
                            ^~~~~~~~
/Applications/Xcode.app/Contents/Developer/Platforms/MacOSX.platform/Developer/SDKs/MacOSX.sdk/usr/include/math.h:615:38: error: '_Float16' is not supported on this target
 extern _Float16 __hypotf16(_Float16, _Float16) __API_AVAILABLE(macos(15.0), ios(18.0), watchos(11.0), tvos(18.0));
                                      ^~~~~~~~
/Applications/Xcode.app/Contents/Developer/Platforms/MacOSX.platform/Developer/SDKs/MacOSX.sdk/usr/include/math.h:616:8: error: '_Float16' is not supported on this target
 extern _Float16 __sqrtf16(_Float16) __API_AVAILABLE(macos(15.0), ios(18.0), watchos(11.0), tvos(18.0));
        ^~~~~~~~
/Applications/Xcode.app/Contents/Developer/Platforms/MacOSX.platform/Developer/SDKs/MacOSX.sdk/usr/include/math.h:616:27: error: '_Float16' is not supported on this target
 extern _Float16 __sqrtf16(_Float16) __API_AVAILABLE(macos(15.0), ios(18.0), watchos(11.0), tvos(18.0));
                           ^~~~~~~~
/Applications/Xcode.app/Contents/Developer/Platforms/MacOSX.platform/Developer/SDKs/MacOSX.sdk/usr/include/math.h:617:8: error: '_Float16' is not supported on this target
 extern _Float16 __ceilf16(_Float16) __API_AVAILABLE(macos(15.0), ios(18.0), watchos(11.0), tvos(18.0));
        ^~~~~~~~
/Applications/Xcode.app/Contents/Developer/Platforms/MacOSX.platform/Developer/SDKs/MacOSX.sdk/usr/include/math.h:617:27: error: '_Float16' is not supported on this target
 extern _Float16 __ceilf16(_Float16) __API_AVAILABLE(macos(15.0), ios(18.0), watchos(11.0), tvos(18.0));
                           ^~~~~~~~
/Applications/Xcode.app/Contents/Developer/Platforms/MacOSX.platform/Developer/SDKs/MacOSX.sdk/usr/include/math.h:618:8: error: '_Float16' is not supported on this target
 extern _Float16 __floorf16(_Float16) __API_AVAILABLE(macos(15.0), ios(18.0), watchos(11.0), tvos(18.0));
        ^~~~~~~~
/Applications/Xcode.app/Contents/Developer/Platforms/MacOSX.platform/Developer/SDKs/MacOSX.sdk/usr/include/math.h:618:28: error: '_Float16' is not supported on this target
 extern _Float16 __floorf16(_Float16) __API_AVAILABLE(macos(15.0), ios(18.0), watchos(11.0), tvos(18.0));
                            ^~~~~~~~
/Applications/Xcode.app/Contents/Developer/Platforms/MacOSX.platform/Developer/SDKs/MacOSX.sdk/usr/include/math.h:619:8: error: '_Float16' is not supported on this target
 extern _Float16 __rintf16(_Float16) __API_AVAILABLE(macos(15.0), ios(18.0), watchos(11.0), tvos(18.0));
        ^~~~~~~~
/Applications/Xcode.app/Contents/Developer/Platforms/MacOSX.platform/Developer/SDKs/MacOSX.sdk/usr/include/math.h:619:27: error: '_Float16' is not supported on this target
 extern _Float16 __rintf16(_Float16) __API_AVAILABLE(macos(15.0), ios(18.0), watchos(11.0), tvos(18.0));
                           ^~~~~~~~
/Applications/Xcode.app/Contents/Developer/Platforms/MacOSX.platform/Developer/SDKs/MacOSX.sdk/usr/include/math.h:620:8: error: '_Float16' is not supported on this target
 extern _Float16 __roundf16(_Float16) __API_AVAILABLE(macos(15.0), ios(18.0), watchos(11.0), tvos(18.0));
        ^~~~~~~~
/Applications/Xcode.app/Contents/Developer/Platforms/MacOSX.platform/Developer/SDKs/MacOSX.sdk/usr/include/math.h:620:28: error: '_Float16' is not supported on this target
 extern _Float16 __roundf16(_Float16) __API_AVAILABLE(macos(15.0), ios(18.0), watchos(11.0), tvos(18.0));
                            ^~~~~~~~
/Applications/Xcode.app/Contents/Developer/Platforms/MacOSX.platform/Developer/SDKs/MacOSX.sdk/usr/include/math.h:621:8: error: '_Float16' is not supported on this target
 extern _Float16 __truncf16(_Float16) __API_AVAILABLE(macos(15.0), ios(18.0), watchos(11.0), tvos(18.0));
        ^~~~~~~~
/Applications/Xcode.app/Contents/Developer/Platforms/MacOSX.platform/Developer/SDKs/MacOSX.sdk/usr/include/math.h:621:28: error: '_Float16' is not supported on this target
 extern _Float16 __truncf16(_Float16) __API_AVAILABLE(macos(15.0), ios(18.0), watchos(11.0), tvos(18.0));
                            ^~~~~~~~
/Applications/Xcode.app/Contents/Developer/Platforms/MacOSX.platform/Developer/SDKs/MacOSX.sdk/usr/include/math.h:622:8: error: '_Float16' is not supported on this target
 extern _Float16 __copysignf16(_Float16, _Float16) __API_AVAILABLE(macos(15.0), ios(18.0), watchos(11.0), tvos(18.0));
        ^~~~~~~~
/Applications/Xcode.app/Contents/Developer/Platforms/MacOSX.platform/Developer/SDKs/MacOSX.sdk/usr/include/math.h:622:31: error: '_Float16' is not supported on this target
 extern _Float16 __copysignf16(_Float16, _Float16) __API_AVAILABLE(macos(15.0), ios(18.0), watchos(11.0), tvos(18.0));
                               ^~~~~~~~
/Applications/Xcode.app/Contents/Developer/Platforms/MacOSX.platform/Developer/SDKs/MacOSX.sdk/usr/include/math.h:622:41: error: '_Float16' is not supported on this target
 extern _Float16 __copysignf16(_Float16, _Float16) __API_AVAILABLE(macos(15.0), ios(18.0), watchos(11.0), tvos(18.0));
                                         ^~~~~~~~
/Applications/Xcode.app/Contents/Developer/Platforms/MacOSX.platform/Developer/SDKs/MacOSX.sdk/usr/include/math.h:623:8: error: '_Float16' is not supported on this target
 extern _Float16 __nextafterf16(_Float16, _Float16) __API_AVAILABLE(macos(15.0), ios(18.0), watchos(11.0), tvos(18.0));
        ^~~~~~~~
/Applications/Xcode.app/Contents/Developer/Platforms/MacOSX.platform/Developer/SDKs/MacOSX.sdk/usr/include/math.h:623:32: error: '_Float16' is not supported on this target
 extern _Float16 __nextafterf16(_Float16, _Float16) __API_AVAILABLE(macos(15.0), ios(18.0), watchos(11.0), tvos(18.0));
                                ^~~~~~~~
/Applications/Xcode.app/Contents/Developer/Platforms/MacOSX.platform/Developer/SDKs/MacOSX.sdk/usr/include/math.h:623:42: error: '_Float16' is not supported on this target
 extern _Float16 __nextafterf16(_Float16, _Float16) __API_AVAILABLE(macos(15.0), ios(18.0), watchos(11.0), tvos(18.0));
                                          ^~~~~~~~
/Applications/Xcode.app/Contents/Developer/Platforms/MacOSX.platform/Developer/SDKs/MacOSX.sdk/usr/include/math.h:624:8: error: '_Float16' is not supported on this target
 extern _Float16 __fmaxf16(_Float16, _Float16) __API_AVAILABLE(macos(15.0), ios(18.0), watchos(11.0), tvos(18.0));
        ^~~~~~~~
/Applications/Xcode.app/Contents/Developer/Platforms/MacOSX.platform/Developer/SDKs/MacOSX.sdk/usr/include/math.h:624:27: error: '_Float16' is not supported on this target
 extern _Float16 __fmaxf16(_Float16, _Float16) __API_AVAILABLE(macos(15.0), ios(18.0), watchos(11.0), tvos(18.0));
                           ^~~~~~~~
/Applications/Xcode.app/Contents/Developer/Platforms/MacOSX.platform/Developer/SDKs/MacOSX.sdk/usr/include/math.h:624:37: error: '_Float16' is not supported on this target
 extern _Float16 __fmaxf16(_Float16, _Float16) __API_AVAILABLE(macos(15.0), ios(18.0), watchos(11.0), tvos(18.0));
                                     ^~~~~~~~
/Applications/Xcode.app/Contents/Developer/Platforms/MacOSX.platform/Developer/SDKs/MacOSX.sdk/usr/include/math.h:625:8: error: '_Float16' is not supported on this target
 extern _Float16 __fminf16(_Float16, _Float16) __API_AVAILABLE(macos(15.0), ios(18.0), watchos(11.0), tvos(18.0));
        ^~~~~~~~
/Applications/Xcode.app/Contents/Developer/Platforms/MacOSX.platform/Developer/SDKs/MacOSX.sdk/usr/include/math.h:625:27: error: '_Float16' is not supported on this target
 extern _Float16 __fminf16(_Float16, _Float16) __API_AVAILABLE(macos(15.0), ios(18.0), watchos(11.0), tvos(18.0));
                           ^~~~~~~~
/Applications/Xcode.app/Contents/Developer/Platforms/MacOSX.platform/Developer/SDKs/MacOSX.sdk/usr/include/math.h:625:37: error: '_Float16' is not supported on this target
 extern _Float16 __fminf16(_Float16, _Float16) __API_AVAILABLE(macos(15.0), ios(18.0), watchos(11.0), tvos(18.0));
                                     ^~~~~~~~
/Applications/Xcode.app/Contents/Developer/Platforms/MacOSX.platform/Developer/SDKs/MacOSX.sdk/usr/include/math.h:626:8: error: '_Float16' is not supported on this target
 extern _Float16 __fmaf16(_Float16, _Float16, _Float16) __API_AVAILABLE(macos(15.0), ios(18.0), watchos(11.0), tvos(18.0));
        ^~~~~~~~
/Applications/Xcode.app/Contents/Developer/Platforms/MacOSX.platform/Developer/SDKs/MacOSX.sdk/usr/include/math.h:626:26: error: '_Float16' is not supported on this target
 extern _Float16 __fmaf16(_Float16, _Float16, _Float16) __API_AVAILABLE(macos(15.0), ios(18.0), watchos(11.0), tvos(18.0));
                          ^~~~~~~~
/Applications/Xcode.app/Contents/Developer/Platforms/MacOSX.platform/Developer/SDKs/MacOSX.sdk/usr/include/math.h:626:36: error: '_Float16' is not supported on this target
 extern _Float16 __fmaf16(_Float16, _Float16, _Float16) __API_AVAILABLE(macos(15.0), ios(18.0), watchos(11.0), tvos(18.0));
                                    ^~~~~~~~
/Applications/Xcode.app/Contents/Developer/Platforms/MacOSX.platform/Developer/SDKs/MacOSX.sdk/usr/include/math.h:626:46: error: '_Float16' is not supported on this target
 extern _Float16 __fmaf16(_Float16, _Float16, _Float16) __API_AVAILABLE(macos(15.0), ios(18.0), watchos(11.0), tvos(18.0));
                                              ^~~~~~~~
Vérification de la syntaxe pour mandelbrot.c :
gcc -std=c99 -c -Wall -Wextra -pedantic -Werror -fsyntax-only -x c mandelbrot.c
mandelbrot.c: In function 'mandelbrot':
mandelbrot.c:19:27: error: unused parameter 'z0' [-Werror=unused-parameter]
 int mandelbrot(complexe_t z0, complexe_t c, double seuil, int maxit) {
                ~~~~~~~~~~~^~
mandelbrot.c:19:42: error: unused parameter 'c' [-Werror=unused-parameter]
 int mandelbrot(complexe_t z0, complexe_t c, double seuil, int maxit) {
                               ~~~~~~~~~~~^
mandelbrot.c:19:52: error: unused parameter 'seuil' [-Werror=unused-parameter]
 int mandelbrot(complexe_t z0, complexe_t c, double seuil, int maxit) {
                                             ~~~~~~~^~~~~
mandelbrot.c:19:63: error: unused parameter 'maxit' [-Werror=unused-parameter]
 int mandelbrot(complexe_t z0, complexe_t c, double seuil, int maxit) {
                                                           ~~~~^~~~~
cc1: all warnings being treated as errors
